
--------------------------------------------------------- 
Thu 08/04/2016 - 15:56:36.75 Start of process 
--------------------------------------------------------- 

PBCS url         : https://thgpbcs-thg24621.pbcs.us2.oraclecloud.com 
Log file         : C:\CAF\03.Logs\EPM_Automate\ImportMetadataLog.log 
Archive folder   : C:\CAF\04.Archive\App1\Metadata 

--------------------------------------------------------- 
Thu 08/04/2016 15:56:36.77 - Login 
--------------------------------------------------------- 
Login successful

Thu 08/04/2016 15:56:38.91 - Delete File 
Processing...
deletefile completed successfully

Thu 08/04/2016 15:56:40.83 - Upload File 
Processing...
100% completed
uploadfile completed successfully

Thu 08/04/2016 15:56:43.00 - Import Medatada 
Processing...
Retrieving status...
importmetadata completed successfully

Thu 08/04/2016 15:57:29.54 - Archive Data file 
        1 file(s) moved.

Thu 08/04/2016 15:57:29.55 - Rename and Archived Input file 
Archive file name : Metadata_08_04_2016_1557.zip 

