
--------------------------------------------------------- 
Thu 08/04/2016 - 15:55:40.86 Start of process 
--------------------------------------------------------- 

PBCS url         : https://thgpbcs-thg24621.pbcs.us2.oraclecloud.com 
Log file         : C:\CAF\03.Logs\EPM_Automate\ImportDataLog.log 
Archive folder   : C:\CAF\04.Archive\App1\Data\PBCS 

--------------------------------------------------------- 
Thu 08/04/2016 15:55:40.88 - Login 
--------------------------------------------------------- 
Login successful

Thu 08/04/2016 15:55:43.30 - Delete File 
Processing...
deletefile completed successfully

Thu 08/04/2016 15:55:45.18 - Upload File 
Processing...
100% completed
uploadfile completed successfully

Thu 08/04/2016 15:55:47.09 - Import Data 
Processing...
Retrieving status...
importdata completed successfully

Thu 08/04/2016 15:55:50.06 - Archive Data file 
        1 file(s) moved.

Thu 08/04/2016 15:55:50.07 - Rename and Archived Input file 
Archive file name : AccountDummyData_08_04_2016_1555.csv 

