
--------------------------------------------------------- 
Mon 12/05/2016 - 16:07:32.70 Start of process 
--------------------------------------------------------- 

PBCS url         : https://thgpbcs-thg24621.pbcs.us2.oraclecloud.com 
Log file         : C:\CAF\03.Logs\EPM_Automate\LoadDataLog.log 
Archive folder   : C:\CAF\04.Archive\App1\Data\FDMEE 

--------------------------------------------------------- 
Mon 12/05/2016 16:07:32.75 - Login 
--------------------------------------------------------- 
Login successful

Mon 12/05/2016 16:07:49.80 - Delete File 
Processing...
deletefile completed successfully

Mon 12/05/2016 16:07:51.81 - Upload File 
Processing...
100% completed
uploadfile completed successfully

Mon 12/05/2016 16:07:54.04 - Load Data 
Processing...
Retrieving status...
rundatarule completed successfully

Mon 12/05/2016 16:08:18.59 - Archive Data file 
        1 file(s) moved.

Mon 12/05/2016 16:08:18.62 - Rename and Archived Input file 
Archive file name : D_ActualsM_12_05_2016_1608.csv 

--------------------------------------------------------- 
Mon 12/05/2016 16:08:18.65 - Logout 
--------------------------------------------------------- 
logout completed successfully

--------------------------------------------------------- 
Mon 12/05/2016 - 16:08:19.43 End of process
--------------------------------------------------------- 
