
--------------------------------------------------------- 
Fri 10/28/2016 - 15:47:07.13 Start of process 
--------------------------------------------------------- 

PBCS url         : https://thgpbcs-thg24621.pbcs.us2.oraclecloud.com 
Log file         : C:\CAF\03.Logs\EPM_Automate\RefreshCubeLog.log 

--------------------------------------------------------- 
Fri 10/28/2016 15:47:07.15 - Login 
--------------------------------------------------------- 
Login successful

Fri 10/28/2016 15:47:24.18 - Refresh Application Cube 
Processing...
Retrieving status...
refreshcube completed successfully

--------------------------------------------------------- 
Fri 10/28/2016 15:48:10.83 - Logout 
--------------------------------------------------------- 
logout completed successfully

--------------------------------------------------------- 
Fri 10/28/2016 - 15:48:11.53 End of process
--------------------------------------------------------- 
