
--------------------------------------------------------- 
Fri 11/04/2016 - 13:16:05.90 Start of process 
--------------------------------------------------------- 

PBCS url         : https://thgpbcs-thg24621.pbcs.us2.oraclecloud.com 
Log file         : C:\CAF\03.Logs\EPM_Automate\RunPlanTypeMapLog.log 

--------------------------------------------------------- 
Fri 11/04/2016 13:16:05.93 - Login 
--------------------------------------------------------- 
Login successful

Fri 11/04/2016 13:16:09.97 - Run Plan Type Map 
Processing...
Retrieving status...
runplantypemap completed successfully

--------------------------------------------------------- 
Fri 11/04/2016 13:16:14.32 - Logout 
--------------------------------------------------------- 
logout completed successfully

--------------------------------------------------------- 
Fri 11/04/2016 - 13:16:15.15 End of process
--------------------------------------------------------- 
