
--------------------------------------------------------- 
Fri 11/04/2016 - 13:11:39.10 Start of process 
--------------------------------------------------------- 

PBCS url         : https://thgpbcs-thg24621.pbcs.us2.oraclecloud.com 
Log file         : C:\CAF\03.Logs\EPM_Automate\SetSubVarsLog.log 

--------------------------------------------------------- 
Fri 11/04/2016 13:11:39.12 - Login 
--------------------------------------------------------- 
Login successful

Fri 11/04/2016 13:12:00.23 - Run Plan Type Map 
Processing...
Retrieving status...
runplantypemap completed successfully

--------------------------------------------------------- 
Fri 11/04/2016 13:12:47.92 - Logout 
--------------------------------------------------------- 
logout completed successfully

--------------------------------------------------------- 
Fri 11/04/2016 - 13:12:48.77 End of process
--------------------------------------------------------- 
